This is XeTeX, Version 3.14159265-2.6-0.99992 (TeX Live 2015) (preloaded format=xelatex 2015.12.30)  17 APR 2016 09:43
entering extended mode
 restricted \write18 enabled.
 file:line:error style messages enabled.
 %&-line parsing enabled.
**chapter03.tex
(./chapter03.tex
LaTeX2e <2015/01/01>
Babel <3.9l> and hyphenation patterns for 79 languages loaded.
./chapter03.tex:1: Undefined control sequence.
l.1 \chapter
            {最大间隔聚类MMC}
? 
./chapter03.tex:1: Emergency stop.
l.1 \chapter
            {最大间隔聚类MMC}
End of file on the terminal!

 
Here is how much of TeX's memory you used:
 4 strings out of 493706
 50 string characters out of 6145768
 53323 words of memory out of 5000000
 3446 multiletter control sequences out of 15000+600000
 3640 words of font info for 14 fonts, out of 8000000 for 9000
 1328 hyphenation exceptions out of 8191
 5i,0n,1p,35b,8s stack positions out of 5000i,500n,10000p,200000b,80000s
No pages of output.
