This is pdfTeX, Version 3.14159265-2.6-1.40.16 (TeX Live 2015) (preloaded format=pdflatex 2015.12.30)  20 APR 2016 20:54
entering extended mode
 restricted \write18 enabled.
 file:line:error style messages enabled.
 %&-line parsing enabled.
**titlepage.tex
(./titlepage.tex
LaTeX2e <2015/01/01>
Babel <3.9l> and hyphenation patterns for 79 languages loaded.
./titlepage.tex:6: Undefined control sequence.
l.6 \newgeometry
                {top=4.3cm}
The control sequence at the end of the top line
of your error message was never \def'ed. If you have
misspelled it (e.g., `\hobx'), type `I' and the correct
spelling (e.g., `I\hbox'). Otherwise just continue,
and I'll forget about whatever was undefined.


./titlepage.tex:6: LaTeX Error: Missing \begin{document}.

See the LaTeX manual or LaTeX Companion for explanation.
Type  H <return>  for immediate help.
 ...                                              
                                                  
l.6 \newgeometry{t
                  op=4.3cm}
You're in trouble here.  Try typing  <return>  to proceed.
If that doesn't work, type  X <return>  to quit.

Missing character: There is no t in font nullfont!
Missing character: There is no o in font nullfont!
Missing character: There is no p in font nullfont!
Missing character: There is no = in font nullfont!
Missing character: There is no 4 in font nullfont!
Missing character: There is no . in font nullfont!
Missing character: There is no 3 in font nullfont!
Missing character: There is no c in font nullfont!
Missing character: There is no m in font nullfont!
./titlepage.tex:7: Undefined control sequence.
l.7 \hspace{8.5cm}{\heiti
                         \wuhao Â≠¶Âè∑\dlmu[3.5cm]{1206010413}}
The control sequence at the end of the top line
of your error message was never \def'ed. If you have
misspelled it (e.g., `\hobx'), type `I' and the correct
spelling (e.g., `I\hbox'). Otherwise just continue,
and I'll forget about whatever was undefined.

./titlepage.tex:7: Undefined control sequence.
l.7 \hspace{8.5cm}{\heiti\wuhao
                                Â≠¶Âè∑\dlmu[3.5cm]{1206010413}}
The control sequence at the end of the top line
of your error message was never \def'ed. If you have
misspelled it (e.g., `\hobx'), type `I' and the correct
spelling (e.g., `I\hbox'). Otherwise just continue,
and I'll forget about whatever was undefined.

Missing character: There is no Â in font nullfont!
Missing character: There is no ≠ in font nullfont!
Missing character: There is no ¶ in font nullfont!
Missing character: There is no Â in font nullfont!
Missing character: There is no è in font nullfont!
Missing character: There is no ∑ in font nullfont!
LaTeX Font Info:    External font `cmex10' loaded for size
(Font)              <7> on input line 7.
LaTeX Font Info:    External font `cmex10' loaded for size
(Font)              <5> on input line 7.
Missing character: There is no 1 in font nullfont!
Missing character: There is no 2 in font nullfont!
Missing character: There is no 0 in font nullfont!
Missing character: There is no 6 in font nullfont!
Missing character: There is no 0 in font nullfont!
Missing character: There is no 1 in font nullfont!
Missing character: There is no 0 in font nullfont!
Missing character: There is no 4 in font nullfont!
Missing character: There is no 1 in font nullfont!
Missing character: There is no 3 in font nullfont!

Overfull \hbox (20.0pt too wide) in paragraph at lines 6--8
[]
 []


Overfull \hbox (99.58464pt too wide) in paragraph at lines 6--8
[]$
 []


./titlepage.tex:9: LaTeX Error: Missing \begin{document}.

See the LaTeX manual or LaTeX Companion for explanation.
Type  H <return>  for immediate help.
 ...                                              
                                                  
l.9 \hspace{8.5cm}
                  {\heiti\wuhao Âπ¥Á∫ß\dlmu[3.5cm]{12Á∫ß}}
You're in trouble here.  Try typing  <return>  to proceed.
If that doesn't work, type  X <return>  to quit.

./titlepage.tex:9: Undefined control sequence.
l.9 \hspace{8.5cm}{\heiti
                         \wuhao Âπ¥Á∫ß\dlmu[3.5cm]{12Á∫ß}}
The control sequence at the end of the top line
of your error message was never \def'ed. If you have
misspelled it (e.g., `\hobx'), type `I' and the correct
spelling (e.g., `I\hbox'). Otherwise just continue,
and I'll forget about whatever was undefined.

./titlepage.tex:9: Undefined control sequence.
l.9 \hspace{8.5cm}{\heiti\wuhao
                                Âπ¥Á∫ß\dlmu[3.5cm]{12Á∫ß}}
The control sequence at the end of the top line
of your error message was never \def'ed. If you have
misspelled it (e.g., `\hobx'), type `I' and the correct
spelling (e.g., `I\hbox'). Otherwise just continue,
and I'll forget about whatever was undefined.

Missing character: There is no Â in font nullfont!
Missing character: There is no π in font nullfont!
Missing character: There is no ¥ in font nullfont!
Missing character: There is no Á in font nullfont!
Missing character: There is no ∫ in font nullfont!
Missing character: There is no ß in font nullfont!
Missing character: There is no 1 in font nullfont!
Missing character: There is no 2 in font nullfont!
Missing character: There is no Á in font nullfont!
Missing character: There is no ∫ in font nullfont!
Missing character: There is no ß in font nullfont!

Overfull \hbox (20.0pt too wide) in paragraph at lines 9--10
[]
 []


Overfull \hbox (99.58464pt too wide) in paragraph at lines 9--10
[]$
 []


./titlepage.tex:13: LaTeX Error: Missing \begin{document}.

See the LaTeX manual or LaTeX Companion for explanation.
Type  H <return>  for immediate help.
 ...                                              
                                                  
l.13 \begin{center}
                   
You're in trouble here.  Try typing  <return>  to proceed.
If that doesn't work, type  X <return>  to quit.


Overfull \hbox (20.0pt too wide) in paragraph at lines 13--13
[] 
 []

./titlepage.tex:14: Undefined control sequence.
l.14 \includegraphics
                     [width=12.67cm]{figure/hhu.png}
The control sequence at the end of the top line
of your error message was never \def'ed. If you have
misspelled it (e.g., `\hobx'), type `I' and the correct
spelling (e.g., `I\hbox'). Otherwise just continue,
and I'll forget about whatever was undefined.

Missing character: There is no [ in font nullfont!
Missing character: There is no w in font nullfont!
Missing character: There is no i in font nullfont!
Missing character: There is no d in font nullfont!
Missing character: There is no t in font nullfont!
Missing character: There is no h in font nullfont!
Missing character: There is no = in font nullfont!
Missing character: There is no 1 in font nullfont!
Missing character: There is no 2 in font nullfont!
Missing character: There is no . in font nullfont!
Missing character: There is no 6 in font nullfont!
Missing character: There is no 7 in font nullfont!
Missing character: There is no c in font nullfont!
Missing character: There is no m in font nullfont!
Missing character: There is no ] in font nullfont!
Missing character: There is no f in font nullfont!
Missing character: There is no i in font nullfont!
Missing character: There is no g in font nullfont!
Missing character: There is no u in font nullfont!
Missing character: There is no r in font nullfont!
Missing character: There is no e in font nullfont!
Missing character: There is no / in font nullfont!
Missing character: There is no h in font nullfont!
Missing character: There is no h in font nullfont!
Missing character: There is no u in font nullfont!
Missing character: There is no . in font nullfont!
Missing character: There is no p in font nullfont!
Missing character: There is no n in font nullfont!
Missing character: There is no g in font nullfont!
./titlepage.tex:18: Undefined control sequence.
l.18 {\songti
             \yihao\textbf{Êú¨ÁßëÊØï‰∏öËÆ∫Êñá}}
The control sequence at the end of the top line
of your error message was never \def'ed. If you have
misspelled it (e.g., `\hobx'), type `I' and the correct
spelling (e.g., `I\hbox'). Otherwise just continue,
and I'll forget about whatever was undefined.

./titlepage.tex:18: Undefined control sequence.
l.18 {\songti\yihao
                   \textbf{Êú¨ÁßëÊØï‰∏öËÆ∫Êñá}}
The control sequence at the end of the top line
of your error message was never \def'ed. If you have
misspelled it (e.g., `\hobx'), type `I' and the correct
spelling (e.g., `I\hbox'). Otherwise just continue,
and I'll forget about whatever was undefined.

Missing character: There is no Ê in font cmbx10!
Missing character: There is no ú in font cmbx10!
Missing character: There is no ¨ in font cmbx10!
Missing character: There is no Á in font cmbx10!
Missing character: There is no ß in font cmbx10!
Missing character: There is no ë in font cmbx10!
Missing character: There is no Ê in font cmbx10!
Missing character: There is no Ø in font cmbx10!
Missing character: There is no ï in font cmbx10!
Missing character: There is no ‰ in font cmbx10!
Missing character: There is no ∏ in font cmbx10!
Missing character: There is no ö in font cmbx10!
Missing character: There is no Ë in font cmbx10!
Missing character: There is no Æ in font cmbx10!
Missing character: There is no ∫ in font cmbx10!
Missing character: There is no Ê in font cmbx10!
Missing character: There is no ñ in font cmbx10!
Missing character: There is no á in font cmbx10!
./titlepage.tex:22: Undefined control sequence.
l.22 {\heiti
            \erhao{Â§öÊ†∏ËÅöÁ±ª}}
The control sequence at the end of the top line
of your error message was never \def'ed. If you have
misspelled it (e.g., `\hobx'), type `I' and the correct
spelling (e.g., `I\hbox'). Otherwise just continue,
and I'll forget about whatever was undefined.

./titlepage.tex:22: Undefined control sequence.
l.22 {\heiti\erhao
                  {Â§öÊ†∏ËÅöÁ±ª}}
The control sequence at the end of the top line
of your error message was never \def'ed. If you have
misspelled it (e.g., `\hobx'), type `I' and the correct
spelling (e.g., `I\hbox'). Otherwise just continue,
and I'll forget about whatever was undefined.

Missing character: There is no Â in font nullfont!
Missing character: There is no § in font nullfont!
Missing character: There is no ö in font nullfont!
Missing character: There is no Ê in font nullfont!
Missing character: There is no † in font nullfont!
Missing character: There is no ∏ in font nullfont!
Missing character: There is no Ë in font nullfont!
Missing character: There is no Å in font nullfont!
Missing character: There is no ö in font nullfont!
Missing character: There is no Á in font nullfont!
Missing character: There is no ± in font nullfont!
Missing character: There is no ª in font nullfont!
./titlepage.tex:28: Undefined control sequence.
l.28   ~ & {\heiti
                  \sanhao ‰∏ì \hfill  \hfill ‰∏ö} & \dlmu[6.08cm]{\songti\xi...
The control sequence at the end of the top line
of your error message was never \def'ed. If you have
misspelled it (e.g., `\hobx'), type `I' and the correct
spelling (e.g., `I\hbox'). Otherwise just continue,
and I'll forget about whatever was undefined.

./titlepage.tex:28: Undefined control sequence.
l.28   ~ & {\heiti\sanhao
                          ‰∏ì \hfill  \hfill ‰∏ö} & \dlmu[6.08cm]{\songti\xi...
The control sequence at the end of the top line
of your error message was never \def'ed. If you have
misspelled it (e.g., `\hobx'), type `I' and the correct
spelling (e.g., `I\hbox'). Otherwise just continue,
and I'll forget about whatever was undefined.

Missing character: There is no ‰ in font nullfont!
Missing character: There is no ∏ in font nullfont!
Missing character: There is no ì in font nullfont!
Missing character: There is no ‰ in font nullfont!
Missing character: There is no ∏ in font nullfont!
Missing character: There is no ö in font nullfont!
./titlepage.tex:28: Undefined control sequence.
<argument> \hb@xt@ 6.08cm{\hss \songti 
                                       \xiaosan ËÆ°\ ÁÆó\ Êú∫\ Áßë\ Â≠¶\ ‰∏é...
l.28 ...an ËÆ°\ ÁÆó\ Êú∫\ Áßë\ Â≠¶\ ‰∏é\ ÊäÄ\ ÊúØ}
                                                   & \\
The control sequence at the end of the top line
of your error message was never \def'ed. If you have
misspelled it (e.g., `\hobx'), type `I' and the correct
spelling (e.g., `I\hbox'). Otherwise just continue,
and I'll forget about whatever was undefined.

./titlepage.tex:28: Undefined control sequence.
<argument> \hb@xt@ 6.08cm{\hss \songti \xiaosan 
                                                ËÆ°\ ÁÆó\ Êú∫\ Áßë\ Â≠¶\ ‰∏é...
l.28 ...an ËÆ°\ ÁÆó\ Êú∫\ Áßë\ Â≠¶\ ‰∏é\ ÊäÄ\ ÊúØ}
                                                   & \\
The control sequence at the end of the top line
of your error message was never \def'ed. If you have
misspelled it (e.g., `\hobx'), type `I' and the correct
spelling (e.g., `I\hbox'). Otherwise just continue,
and I'll forget about whatever was undefined.

Missing character: There is no Ë in font nullfont!
Missing character: There is no Æ in font nullfont!
Missing character: There is no ° in font nullfont!
Missing character: There is no Á in font nullfont!
Missing character: There is no Æ in font nullfont!
Missing character: There is no ó in font nullfont!
Missing character: There is no Ê in font nullfont!
Missing character: There is no ú in font nullfont!
Missing character: There is no ∫ in font nullfont!
Missing character: There is no Á in font nullfont!
Missing character: There is no ß in font nullfont!
Missing character: There is no ë in font nullfont!
Missing character: There is no Â in font nullfont!
Missing character: There is no ≠ in font nullfont!
Missing character: There is no ¶ in font nullfont!
Missing character: There is no ‰ in font nullfont!
Missing character: There is no ∏ in font nullfont!
Missing character: There is no é in font nullfont!
Missing character: There is no Ê in font nullfont!
Missing character: There is no ä in font nullfont!
Missing character: There is no Ä in font nullfont!
Missing character: There is no Ê in font nullfont!
Missing character: There is no ú in font nullfont!
Missing character: There is no Ø in font nullfont!
./titlepage.tex:30: Undefined control sequence.
l.30   ~ & {\heiti
                  \sanhao Âßì \hfill  \hfill Âêç} & \dlmu[6.08cm]{\songti\xi...
The control sequence at the end of the top line
of your error message was never \def'ed. If you have
misspelled it (e.g., `\hobx'), type `I' and the correct
spelling (e.g., `I\hbox'). Otherwise just continue,
and I'll forget about whatever was undefined.

./titlepage.tex:30: Undefined control sequence.
l.30   ~ & {\heiti\sanhao
                          Âßì \hfill  \hfill Âêç} & \dlmu[6.08cm]{\songti\xi...
The control sequence at the end of the top line
of your error message was never \def'ed. If you have
misspelled it (e.g., `\hobx'), type `I' and the correct
spelling (e.g., `I\hbox'). Otherwise just continue,
and I'll forget about whatever was undefined.

Missing character: There is no Â in font nullfont!
Missing character: There is no ß in font nullfont!
Missing character: There is no ì in font nullfont!
Missing character: There is no Â in font nullfont!
Missing character: There is no ê in font nullfont!
Missing character: There is no ç in font nullfont!
./titlepage.tex:30: Undefined control sequence.
<argument> \hb@xt@ 6.08cm{\hss \songti 
                                       \xiaosan Êú±\ \ \ Èõ™\ \ \ Êûó\hss }
l.30 ...cm]{\songti\xiaosan Êú±\ \ \ Èõ™\ \ \ Êûó}
                                                   & \\
The control sequence at the end of the top line
of your error message was never \def'ed. If you have
misspelled it (e.g., `\hobx'), type `I' and the correct
spelling (e.g., `I\hbox'). Otherwise just continue,
and I'll forget about whatever was undefined.

./titlepage.tex:30: Undefined control sequence.
<argument> \hb@xt@ 6.08cm{\hss \songti \xiaosan 
                                                Êú±\ \ \ Èõ™\ \ \ Êûó\hss }
l.30 ...cm]{\songti\xiaosan Êú±\ \ \ Èõ™\ \ \ Êûó}
                                                   & \\
The control sequence at the end of the top line
of your error message was never \def'ed. If you have
misspelled it (e.g., `\hobx'), type `I' and the correct
spelling (e.g., `I\hbox'). Otherwise just continue,
and I'll forget about whatever was undefined.

Missing character: There is no Ê in font nullfont!
Missing character: There is no ú in font nullfont!
Missing character: There is no ± in font nullfont!
Missing character: There is no È in font nullfont!
Missing character: There is no õ in font nullfont!
Missing character: There is no ™ in font nullfont!
Missing character: There is no Ê in font nullfont!
Missing character: There is no û in font nullfont!
Missing character: There is no ó in font nullfont!
./titlepage.tex:32: Undefined control sequence.
l.32   ~ & {\heiti
                  \sanhao Êåá \hfill ÂØº \hfill Êïô \hfill Â∏à}& \dlmu[6.08c...
The control sequence at the end of the top line
of your error message was never \def'ed. If you have
misspelled it (e.g., `\hobx'), type `I' and the correct
spelling (e.g., `I\hbox'). Otherwise just continue,
and I'll forget about whatever was undefined.

./titlepage.tex:32: Undefined control sequence.
l.32   ~ & {\heiti\sanhao
                          Êåá \hfill ÂØº \hfill Êïô \hfill Â∏à}& \dlmu[6.08c...
The control sequence at the end of the top line
of your error message was never \def'ed. If you have
misspelled it (e.g., `\hobx'), type `I' and the correct
spelling (e.g., `I\hbox'). Otherwise just continue,
and I'll forget about whatever was undefined.

Missing character: There is no Ê in font nullfont!
Missing character: There is no å in font nullfont!
Missing character: There is no á in font nullfont!
Missing character: There is no Â in font nullfont!
Missing character: There is no Ø in font nullfont!
Missing character: There is no º in font nullfont!
Missing character: There is no Ê in font nullfont!
Missing character: There is no ï in font nullfont!
Missing character: There is no ô in font nullfont!
Missing character: There is no Â in font nullfont!
Missing character: There is no ∏ in font nullfont!
Missing character: There is no à in font nullfont!
./titlepage.tex:32: Undefined control sequence.
<argument> \hb@xt@ 6.08cm{\hss \songti 
                                       \xiaosan Áéã\ Êïè„ÄÅËñõ\ Êôñ\hss }
l.32 ...08cm]{\songti\xiaosan Áéã\ Êïè„ÄÅËñõ\ Êôñ}
                                                   & \\
The control sequence at the end of the top line
of your error message was never \def'ed. If you have
misspelled it (e.g., `\hobx'), type `I' and the correct
spelling (e.g., `I\hbox'). Otherwise just continue,
and I'll forget about whatever was undefined.

./titlepage.tex:32: Undefined control sequence.
<argument> \hb@xt@ 6.08cm{\hss \songti \xiaosan 
                                                Áéã\ Êïè„ÄÅËñõ\ Êôñ\hss }
l.32 ...08cm]{\songti\xiaosan Áéã\ Êïè„ÄÅËñõ\ Êôñ}
                                                   & \\
The control sequence at the end of the top line
of your error message was never \def'ed. If you have
misspelled it (e.g., `\hobx'), type `I' and the correct
spelling (e.g., `I\hbox'). Otherwise just continue,
and I'll forget about whatever was undefined.

Missing character: There is no Á in font nullfont!
Missing character: There is no é in font nullfont!
Missing character: There is no ã in font nullfont!
Missing character: There is no Ê in font nullfont!
Missing character: There is no ï in font nullfont!
Missing character: There is no è in font nullfont!
Missing character: There is no „ in font nullfont!
Missing character: There is no Ä in font nullfont!
Missing character: There is no Å in font nullfont!
Missing character: There is no Ë in font nullfont!
Missing character: There is no ñ in font nullfont!
Missing character: There is no õ in font nullfont!
Missing character: There is no Ê in font nullfont!
Missing character: There is no ô in font nullfont!
Missing character: There is no ñ in font nullfont!
./titlepage.tex:34: Undefined control sequence.
l.34   ~ & {\heiti
                  \sanhao ËØÑ \hfill ÈòÖ \hfill ‰∫∫}& \dlmu[6.08cm]{\songti\...
The control sequence at the end of the top line
of your error message was never \def'ed. If you have
misspelled it (e.g., `\hobx'), type `I' and the correct
spelling (e.g., `I\hbox'). Otherwise just continue,
and I'll forget about whatever was undefined.

./titlepage.tex:34: Undefined control sequence.
l.34   ~ & {\heiti\sanhao
                          ËØÑ \hfill ÈòÖ \hfill ‰∫∫}& \dlmu[6.08cm]{\songti\...
The control sequence at the end of the top line
of your error message was never \def'ed. If you have
misspelled it (e.g., `\hobx'), type `I' and the correct
spelling (e.g., `I\hbox'). Otherwise just continue,
and I'll forget about whatever was undefined.

Missing character: There is no Ë in font nullfont!
Missing character: There is no Ø in font nullfont!
Missing character: There is no Ñ in font nullfont!
Missing character: There is no È in font nullfont!
Missing character: There is no ò in font nullfont!
Missing character: There is no Ö in font nullfont!
Missing character: There is no ‰ in font nullfont!
Missing character: There is no ∫ in font nullfont!
Missing character: There is no ∫ in font nullfont!
./titlepage.tex:34: Undefined control sequence.
<argument> \hb@xt@ 6.08cm{\hss \songti 
                                       \xiaosan \hss }
l.34 ...fill ‰∫∫}& \dlmu[6.08cm]{\songti\xiaosan }
                                                   & \\
The control sequence at the end of the top line
of your error message was never \def'ed. If you have
misspelled it (e.g., `\hobx'), type `I' and the correct
spelling (e.g., `I\hbox'). Otherwise just continue,
and I'll forget about whatever was undefined.

./titlepage.tex:34: Undefined control sequence.
<argument> \hb@xt@ 6.08cm{\hss \songti \xiaosan 
                                                \hss }
l.34 ...fill ‰∫∫}& \dlmu[6.08cm]{\songti\xiaosan }
                                                   & \\
The control sequence at the end of the top line
of your error message was never \def'ed. If you have
misspelled it (e.g., `\hobx'), type `I' and the correct
spelling (e.g., `I\hbox'). Otherwise just continue,
and I'll forget about whatever was undefined.


Overfull \hbox (191.06464pt too wide) in paragraph at lines 26--37
 [][] 
 []

./titlepage.tex:39: Undefined control sequence.
l.39 {\heiti
            \sanhao 2 0 1 6 Âπ¥ 4 Êúà} \\
The control sequence at the end of the top line
of your error message was never \def'ed. If you have
misspelled it (e.g., `\hobx'), type `I' and the correct
spelling (e.g., `I\hbox'). Otherwise just continue,
and I'll forget about whatever was undefined.

./titlepage.tex:39: Undefined control sequence.
l.39 {\heiti\sanhao
                    2 0 1 6 Âπ¥ 4 Êúà} \\
The control sequence at the end of the top line
of your error message was never \def'ed. If you have
misspelled it (e.g., `\hobx'), type `I' and the correct
spelling (e.g., `I\hbox'). Otherwise just continue,
and I'll forget about whatever was undefined.

Missing character: There is no 2 in font nullfont!
Missing character: There is no 0 in font nullfont!
Missing character: There is no 1 in font nullfont!
Missing character: There is no 6 in font nullfont!
Missing character: There is no Â in font nullfont!
Missing character: There is no π in font nullfont!
Missing character: There is no ¥ in font nullfont!
Missing character: There is no 4 in font nullfont!
Missing character: There is no Ê in font nullfont!
Missing character: There is no ú in font nullfont!
Missing character: There is no à in font nullfont!
./titlepage.tex:40: Undefined control sequence.
l.40 {\heiti
            \sanhao ‰∏≠ÂõΩ \hspace{0.7cm} Âçó‰∫¨}
The control sequence at the end of the top line
of your error message was never \def'ed. If you have
misspelled it (e.g., `\hobx'), type `I' and the correct
spelling (e.g., `I\hbox'). Otherwise just continue,
and I'll forget about whatever was undefined.

./titlepage.tex:40: Undefined control sequence.
l.40 {\heiti\sanhao
                    ‰∏≠ÂõΩ \hspace{0.7cm} Âçó‰∫¨}
The control sequence at the end of the top line
of your error message was never \def'ed. If you have
misspelled it (e.g., `\hobx'), type `I' and the correct
spelling (e.g., `I\hbox'). Otherwise just continue,
and I'll forget about whatever was undefined.

Missing character: There is no ‰ in font nullfont!
Missing character: There is no ∏ in font nullfont!
Missing character: There is no ≠ in font nullfont!
Missing character: There is no Â in font nullfont!
Missing character: There is no õ in font nullfont!
Missing character: There is no Ω in font nullfont!
Missing character: There is no Â in font nullfont!
Missing character: There is no ç in font nullfont!
Missing character: There is no ó in font nullfont!
Missing character: There is no ‰ in font nullfont!
Missing character: There is no ∫ in font nullfont!
Missing character: There is no ¨ in font nullfont!

./titlepage.tex:43: LaTeX Error: The font size command \normalsize is not defin
ed:
               there is probably something wrong with the class file.

See the LaTeX manual or LaTeX Companion for explanation.
Type  H <return>  for immediate help.
 ...                                              
                                                  
l.43 \newpage
             
Your command was ignored.
Type  I <command> <return>  to replace it with another command,
or  <return>  to continue without it.

[1]
./titlepage.tex:47: Undefined control sequence.
l.47 \newgeometry
                 {top=4.3cm}
The control sequence at the end of the top line
of your error message was never \def'ed. If you have
misspelled it (e.g., `\hobx'), type `I' and the correct
spelling (e.g., `I\hbox'). Otherwise just continue,
and I'll forget about whatever was undefined.

Missing character: There is no t in font nullfont!
Missing character: There is no o in font nullfont!
Missing character: There is no p in font nullfont!
Missing character: There is no = in font nullfont!
Missing character: There is no 4 in font nullfont!
Missing character: There is no . in font nullfont!
Missing character: There is no 3 in font nullfont!
Missing character: There is no c in font nullfont!
Missing character: There is no m in font nullfont!

Overfull \hbox (20.0pt too wide) in paragraph at lines 47--48
[] 
 []


Overfull \hbox (20.0pt too wide) in paragraph at lines 49--49
[] 
 []

./titlepage.tex:50: Undefined control sequence.
l.50 {\erhao
            \textbf{BACHELOR'S DEGREE THESIS }}
The control sequence at the end of the top line
of your error message was never \def'ed. If you have
misspelled it (e.g., `\hobx'), type `I' and the correct
spelling (e.g., `I\hbox'). Otherwise just continue,
and I'll forget about whatever was undefined.


Overfull \hbox (75.18015pt too wide) in paragraph at lines 50--51
 \OT1/cmr/bx/n/10 BACHELOR'S 
 []


Overfull \hbox (20.20822pt too wide) in paragraph at lines 50--51
 \OT1/cmr/bx/n/10 DE- 
 []


Overfull \hbox (32.77759pt too wide) in paragraph at lines 50--51
 \OT1/cmr/bx/n/10 GREE 
 []


Overfull \hbox (28.38873pt too wide) in paragraph at lines 50--51
 \OT1/cmr/bx/n/10 THE- 
 []


Overfull \hbox (17.1388pt too wide) in paragraph at lines 50--51
 \OT1/cmr/bx/n/10 SIS 
 []

./titlepage.tex:54: Undefined control sequence.
l.54 {\erhao
            \textbf{OF HOHAI UNIVERSITY}}
The control sequence at the end of the top line
of your error message was never \def'ed. If you have
misspelled it (e.g., `\hobx'), type `I' and the correct
spelling (e.g., `I\hbox'). Otherwise just continue,
and I'll forget about whatever was undefined.


Overfull \hbox (15.87491pt too wide) in paragraph at lines 54--55
 []\OT1/cmr/bx/n/10 OF 
 []


Overfull \hbox (21.4721pt too wide) in paragraph at lines 54--55
 \OT1/cmr/bx/n/10 HO- 
 []


Overfull \hbox (22.05544pt too wide) in paragraph at lines 54--55
 \OT1/cmr/bx/n/10 HAI 
 []


Overfull \hbox (26.04152pt too wide) in paragraph at lines 54--55
 \OT1/cmr/bx/n/10 UNI- 
 []


Overfull \hbox (28.70818pt too wide) in paragraph at lines 54--55
 \OT1/cmr/bx/n/10 VER- 
 []


Overfull \hbox (27.73178pt too wide) in paragraph at lines 54--55
 \OT1/cmr/bx/n/10 SITY 
 []

./titlepage.tex:58: Undefined control sequence.
l.58 {\erhao
            \textbf{Multiple Kernel Clustering}}
The control sequence at the end of the top line
of your error message was never \def'ed. If you have
misspelled it (e.g., `\hobx'), type `I' and the correct
spelling (e.g., `I\hbox'). Otherwise just continue,
and I'll forget about whatever was undefined.


Overfull \hbox (43.02061pt too wide) in paragraph at lines 58--59
 []\OT1/cmr/bx/n/10 Multiple 
 []


Overfull \hbox (22.85406pt too wide) in paragraph at lines 58--59
 \OT1/cmr/bx/n/10 Ker- 
 []


Overfull \hbox (14.8541pt too wide) in paragraph at lines 58--59
 \OT1/cmr/bx/n/10 nel 
 []


Overfull \hbox (26.25818pt too wide) in paragraph at lines 58--59
 \OT1/cmr/bx/n/10 Clus- 
 []


Overfull \hbox (18.31242pt too wide) in paragraph at lines 58--59
 \OT1/cmr/bx/n/10 ter- 
 []


Overfull \hbox (15.49298pt too wide) in paragraph at lines 58--59
 \OT1/cmr/bx/n/10 ing 
 []


./titlepage.tex:62: LaTeX Error: Environment table undefined.

See the LaTeX manual or LaTeX Companion for explanation.
Type  H <return>  for immediate help.
 ...                                              
                                                  
l.62 \begin{table}
                  [htbp]
Your command was ignored.
Type  I <command> <return>  to replace it with another command,
or  <return>  to continue without it.

Missing character: There is no [ in font nullfont!
Missing character: There is no h in font nullfont!
Missing character: There is no t in font nullfont!
Missing character: There is no b in font nullfont!
Missing character: There is no p in font nullfont!
Missing character: There is no ] in font nullfont!
./titlepage.tex:66: Undefined control sequence.
l.66    \sihao
              {College} & \sihao{:} & \sihao{School of Somputer and Informat...
The control sequence at the end of the top line
of your error message was never \def'ed. If you have
misspelled it (e.g., `\hobx'), type `I' and the correct
spelling (e.g., `I\hbox'). Otherwise just continue,
and I'll forget about whatever was undefined.

Missing character: There is no C in font nullfont!
Missing character: There is no o in font nullfont!
Missing character: There is no l in font nullfont!
Missing character: There is no l in font nullfont!
Missing character: There is no e in font nullfont!
Missing character: There is no g in font nullfont!
Missing character: There is no e in font nullfont!
./titlepage.tex:66: Undefined control sequence.
l.66    \sihao{College} & \sihao
                                {:} & \sihao{School of Somputer and Informat...
The control sequence at the end of the top line
of your error message was never \def'ed. If you have
misspelled it (e.g., `\hobx'), type `I' and the correct
spelling (e.g., `I\hbox'). Otherwise just continue,
and I'll forget about whatever was undefined.

Missing character: There is no : in font nullfont!
./titlepage.tex:66: Undefined control sequence.
l.66    \sihao{College} & \sihao{:} & \sihao
                                            {School of Somputer and Informat...
The control sequence at the end of the top line
of your error message was never \def'ed. If you have
misspelled it (e.g., `\hobx'), type `I' and the correct
spelling (e.g., `I\hbox'). Otherwise just continue,
and I'll forget about whatever was undefined.

Missing character: There is no S in font nullfont!
Missing character: There is no c in font nullfont!
Missing character: There is no h in font nullfont!
Missing character: There is no o in font nullfont!
Missing character: There is no o in font nullfont!
Missing character: There is no l in font nullfont!
Missing character: There is no o in font nullfont!
Missing character: There is no f in font nullfont!
Missing character: There is no S in font nullfont!
Missing character: There is no o in font nullfont!
Missing character: There is no m in font nullfont!
Missing character: There is no p in font nullfont!
Missing character: There is no u in font nullfont!
Missing character: There is no t in font nullfont!
Missing character: There is no e in font nullfont!
Missing character: There is no r in font nullfont!
Missing character: There is no a in font nullfont!
Missing character: There is no n in font nullfont!
Missing character: There is no d in font nullfont!
Missing character: There is no I in font nullfont!
Missing character: There is no n in font nullfont!
Missing character: There is no f in font nullfont!
Missing character: There is no o in font nullfont!
Missing character: There is no r in font nullfont!
Missing character: There is no m in font nullfont!
Missing character: There is no a in font nullfont!
Missing character: There is no t in font nullfont!
Missing character: There is no i in font nullfont!
Missing character: There is no o in font nullfont!
Missing character: There is no n in font nullfont!
./titlepage.tex:67: Undefined control sequence.
<recently read> \sihao 
                       
l.67    \sihao
              {Subject} & \sihao{: }& \sihao{Computer Science and Technology...
The control sequence at the end of the top line
of your error message was never \def'ed. If you have
misspelled it (e.g., `\hobx'), type `I' and the correct
spelling (e.g., `I\hbox'). Otherwise just continue,
and I'll forget about whatever was undefined.

Missing character: There is no S in font nullfont!
Missing character: There is no u in font nullfont!
Missing character: There is no b in font nullfont!
Missing character: There is no j in font nullfont!
Missing character: There is no e in font nullfont!
Missing character: There is no c in font nullfont!
Missing character: There is no t in font nullfont!
./titlepage.tex:67: Undefined control sequence.
l.67    \sihao{Subject} & \sihao
                                {: }& \sihao{Computer Science and Technology...
The control sequence at the end of the top line
of your error message was never \def'ed. If you have
misspelled it (e.g., `\hobx'), type `I' and the correct
spelling (e.g., `I\hbox'). Otherwise just continue,
and I'll forget about whatever was undefined.

Missing character: There is no : in font nullfont!
./titlepage.tex:67: Undefined control sequence.
l.67    \sihao{Subject} & \sihao{: }& \sihao
                                            {Computer Science and Technology...
The control sequence at the end of the top line
of your error message was never \def'ed. If you have
misspelled it (e.g., `\hobx'), type `I' and the correct
spelling (e.g., `I\hbox'). Otherwise just continue,
and I'll forget about whatever was undefined.

Missing character: There is no C in font nullfont!
Missing character: There is no o in font nullfont!
Missing character: There is no m in font nullfont!
Missing character: There is no p in font nullfont!
Missing character: There is no u in font nullfont!
Missing character: There is no t in font nullfont!
Missing character: There is no e in font nullfont!
Missing character: There is no r in font nullfont!
Missing character: There is no S in font nullfont!
Missing character: There is no c in font nullfont!
Missing character: There is no i in font nullfont!
Missing character: There is no e in font nullfont!
Missing character: There is no n in font nullfont!
Missing character: There is no c in font nullfont!
Missing character: There is no e in font nullfont!
Missing character: There is no a in font nullfont!
Missing character: There is no n in font nullfont!
Missing character: There is no d in font nullfont!
Missing character: There is no T in font nullfont!
Missing character: There is no e in font nullfont!
Missing character: There is no c in font nullfont!
Missing character: There is no h in font nullfont!
Missing character: There is no n in font nullfont!
Missing character: There is no o in font nullfont!
Missing character: There is no l in font nullfont!
Missing character: There is no o in font nullfont!
Missing character: There is no g in font nullfont!
Missing character: There is no y in font nullfont!
./titlepage.tex:68: Undefined control sequence.
<recently read> \sihao 
                       
l.68    \sihao
              {Name} & \sihao{:} & \sihao{Zhu XueLin} \\
The control sequence at the end of the top line
of your error message was never \def'ed. If you have
misspelled it (e.g., `\hobx'), type `I' and the correct
spelling (e.g., `I\hbox'). Otherwise just continue,
and I'll forget about whatever was undefined.

Missing character: There is no N in font nullfont!
Missing character: There is no a in font nullfont!
Missing character: There is no m in font nullfont!
Missing character: There is no e in font nullfont!
./titlepage.tex:68: Undefined control sequence.
l.68    \sihao{Name} & \sihao
                             {:} & \sihao{Zhu XueLin} \\
The control sequence at the end of the top line
of your error message was never \def'ed. If you have
misspelled it (e.g., `\hobx'), type `I' and the correct
spelling (e.g., `I\hbox'). Otherwise just continue,
and I'll forget about whatever was undefined.

Missing character: There is no : in font nullfont!
./titlepage.tex:68: Undefined control sequence.
l.68    \sihao{Name} & \sihao{:} & \sihao
                                         {Zhu XueLin} \\
The control sequence at the end of the top line
of your error message was never \def'ed. If you have
misspelled it (e.g., `\hobx'), type `I' and the correct
spelling (e.g., `I\hbox'). Otherwise just continue,
and I'll forget about whatever was undefined.

Missing character: There is no Z in font nullfont!
Missing character: There is no h in font nullfont!
Missing character: There is no u in font nullfont!
Missing character: There is no X in font nullfont!
Missing character: There is no u in font nullfont!
Missing character: There is no e in font nullfont!
Missing character: There is no L in font nullfont!
Missing character: There is no i in font nullfont!
Missing character: There is no n in font nullfont!
./titlepage.tex:69: Undefined control sequence.
<recently read> \sihao 
                       
l.69    \sihao
              {Directed by} & \sihao{:} & \sihao{Wang Min„ÄÅXue Hui associat...
The control sequence at the end of the top line
of your error message was never \def'ed. If you have
misspelled it (e.g., `\hobx'), type `I' and the correct
spelling (e.g., `I\hbox'). Otherwise just continue,
and I'll forget about whatever was undefined.

Missing character: There is no D in font nullfont!
Missing character: There is no i in font nullfont!
Missing character: There is no r in font nullfont!
Missing character: There is no e in font nullfont!
Missing character: There is no c in font nullfont!
Missing character: There is no t in font nullfont!
Missing character: There is no e in font nullfont!
Missing character: There is no d in font nullfont!
Missing character: There is no b in font nullfont!
Missing character: There is no y in font nullfont!
./titlepage.tex:69: Undefined control sequence.
l.69    \sihao{Directed by} & \sihao
                                    {:} & \sihao{Wang Min„ÄÅXue Hui associat...
The control sequence at the end of the top line
of your error message was never \def'ed. If you have
misspelled it (e.g., `\hobx'), type `I' and the correct
spelling (e.g., `I\hbox'). Otherwise just continue,
and I'll forget about whatever was undefined.

Missing character: There is no : in font nullfont!
./titlepage.tex:69: Undefined control sequence.
l.69    \sihao{Directed by} & \sihao{:} & \sihao
                                                {Wang Min„ÄÅXue Hui associat...
The control sequence at the end of the top line
of your error message was never \def'ed. If you have
misspelled it (e.g., `\hobx'), type `I' and the correct
spelling (e.g., `I\hbox'). Otherwise just continue,
and I'll forget about whatever was undefined.

Missing character: There is no W in font nullfont!
Missing character: There is no a in font nullfont!
Missing character: There is no n in font nullfont!
Missing character: There is no g in font nullfont!
Missing character: There is no M in font nullfont!
Missing character: There is no i in font nullfont!
Missing character: There is no n in font nullfont!
Missing character: There is no „ in font nullfont!
Missing character: There is no Ä in font nullfont!
Missing character: There is no Å in font nullfont!
Missing character: There is no X in font nullfont!
Missing character: There is no u in font nullfont!
Missing character: There is no e in font nullfont!
Missing character: There is no H in font nullfont!
Missing character: There is no u in font nullfont!
Missing character: There is no i in font nullfont!
Missing character: There is no a in font nullfont!
Missing character: There is no s in font nullfont!
Missing character: There is no s in font nullfont!
Missing character: There is no o in font nullfont!
Missing character: There is no c in font nullfont!
Missing character: There is no i in font nullfont!
Missing character: There is no a in font nullfont!
Missing character: There is no t in font nullfont!
Missing character: There is no e in font nullfont!
Missing character: There is no p in font nullfont!
Missing character: There is no r in font nullfont!
Missing character: There is no o in font nullfont!
Missing character: There is no f in font nullfont!
Missing character: There is no e in font nullfont!
Missing character: There is no s in font nullfont!
Missing character: There is no s in font nullfont!
Missing character: There is no o in font nullfont!
Missing character: There is no r in font nullfont!

./titlepage.tex:71: LaTeX Error: \begin{center} on input line 49 ended by \end{
table}.

See the LaTeX manual or LaTeX Companion for explanation.
Type  H <return>  for immediate help.
 ...                                              
                                                  
l.71 \end{table}
                
Your command was ignored.
Type  I <command> <return>  to replace it with another command,
or  <return>  to continue without it.

./titlepage.tex:74: Undefined control sequence.
l.74 {\xiaoer
              NANJING\ CHINA}
The control sequence at the end of the top line
of your error message was never \def'ed. If you have
misspelled it (e.g., `\hobx'), type `I' and the correct
spelling (e.g., `I\hbox'). Otherwise just continue,
and I'll forget about whatever was undefined.

Missing character: There is no N in font nullfont!
Missing character: There is no A in font nullfont!
Missing character: There is no N in font nullfont!
Missing character: There is no J in font nullfont!
Missing character: There is no I in font nullfont!
Missing character: There is no N in font nullfont!
Missing character: There is no G in font nullfont!
Missing character: There is no C in font nullfont!
Missing character: There is no H in font nullfont!
Missing character: There is no I in font nullfont!
Missing character: There is no N in font nullfont!
Missing character: There is no A in font nullfont!

./titlepage.tex:77: LaTeX Error: The font size command \normalsize is not defin
ed:
               there is probably something wrong with the class file.

See the LaTeX manual or LaTeX Companion for explanation.
Type  H <return>  for immediate help.
 ...                                              
                                                  
l.77 \newpage
             
Your command was ignored.
Type  I <command> <return>  to replace it with another command,
or  <return>  to continue without it.

[2{/usr/local/texlive/2015/texmf-var/fonts/map/pdftex/updmap/pdftex.map}]
Overfull \hbox (20.0pt too wide) in paragraph at lines 79--79
[] 
 []

./titlepage.tex:80: Undefined control sequence.
l.80 {\songti
             \erhao\textbf{ÈÉë\ Èáç\ Â£∞\ Êòé}}
The control sequence at the end of the top line
of your error message was never \def'ed. If you have
misspelled it (e.g., `\hobx'), type `I' and the correct
spelling (e.g., `I\hbox'). Otherwise just continue,
and I'll forget about whatever was undefined.

./titlepage.tex:80: Undefined control sequence.
l.80 {\songti\erhao
                   \textbf{ÈÉë\ Èáç\ Â£∞\ Êòé}}
The control sequence at the end of the top line
of your error message was never \def'ed. If you have
misspelled it (e.g., `\hobx'), type `I' and the correct
spelling (e.g., `I\hbox'). Otherwise just continue,
and I'll forget about whatever was undefined.

Missing character: There is no È in font cmbx10!
Missing character: There is no É in font cmbx10!
Missing character: There is no ë in font cmbx10!
Missing character: There is no È in font cmbx10!
Missing character: There is no á in font cmbx10!
Missing character: There is no ç in font cmbx10!
Missing character: There is no Â in font cmbx10!
Missing character: There is no £ in font cmbx10!
Missing character: There is no ∞ in font cmbx10!
Missing character: There is no Ê in font cmbx10!
Missing character: There is no ò in font cmbx10!
Missing character: There is no é in font cmbx10!

./titlepage.tex:84: LaTeX Error: Environment spacing undefined.

See the LaTeX manual or LaTeX Companion for explanation.
Type  H <return>  for immediate help.
 ...                                              
                                                  
l.84 \begin{spacing}
                    {1.2}
Your command was ignored.
Type  I <command> <return>  to replace it with another command,
or  <return>  to continue without it.

Missing character: There is no 1 in font nullfont!
Missing character: There is no . in font nullfont!
Missing character: There is no 2 in font nullfont!
./titlepage.tex:85: Undefined control sequence.
l.85 \songti
            \sihao{\hspace{24pt} Êú¨‰∫∫Âëà‰∫§ÁöÑÊØï‰∏öËÆ∫ÊñáÔºåÊòØÂú®ÂØºÂ∏àÁ...
The control sequence at the end of the top line
of your error message was never \def'ed. If you have
misspelled it (e.g., `\hobx'), type `I' and the correct
spelling (e.g., `I\hbox'). Otherwise just continue,
and I'll forget about whatever was undefined.

./titlepage.tex:85: Undefined control sequence.
l.85 \songti\sihao
                  {\hspace{24pt} Êú¨‰∫∫Âëà‰∫§ÁöÑÊØï‰∏öËÆ∫ÊñáÔºåÊòØÂú®ÂØºÂ∏àÁ...
The control sequence at the end of the top line
of your error message was never \def'ed. If you have
misspelled it (e.g., `\hobx'), type `I' and the correct
spelling (e.g., `I\hbox'). Otherwise just continue,
and I'll forget about whatever was undefined.

Missing character: There is no Ê in font nullfont!
Missing character: There is no ú in font nullfont!
Missing character: There is no ¨ in font nullfont!
Missing character: There is no ‰ in font nullfont!
Missing character: There is no ∫ in font nullfont!
Missing character: There is no ∫ in font nullfont!
Missing character: There is no Â in font nullfont!
Missing character: There is no ë in font nullfont!
Missing character: There is no à in font nullfont!
Missing character: There is no ‰ in font nullfont!
Missing character: There is no ∫ in font nullfont!
Missing character: There is no § in font nullfont!
Missing character: There is no Á in font nullfont!
Missing character: There is no ö in font nullfont!
Missing character: There is no Ñ in font nullfont!
Missing character: There is no Ê in font nullfont!
Missing character: There is no Ø in font nullfont!
Missing character: There is no ï in font nullfont!
Missing character: There is no ‰ in font nullfont!
Missing character: There is no ∏ in font nullfont!
Missing character: There is no ö in font nullfont!
Missing character: There is no Ë in font nullfont!
Missing character: There is no Æ in font nullfont!
Missing character: There is no ∫ in font nullfont!
Missing character: There is no Ê in font nullfont!
Missing character: There is no ñ in font nullfont!
Missing character: There is no á in font nullfont!
Missing character: There is no Ô in font nullfont!
Missing character: There is no º in font nullfont!
Missing character: There is no å in font nullfont!
Missing character: There is no Ê in font nullfont!
Missing character: There is no ò in font nullfont!
Missing character: There is no Ø in font nullfont!
Missing character: There is no Â in font nullfont!
Missing character: There is no ú in font nullfont!
Missing character: There is no ® in font nullfont!
Missing character: There is no Â in font nullfont!
Missing character: There is no Ø in font nullfont!
Missing character: There is no º in font nullfont!
Missing character: There is no Â in font nullfont!
Missing character: There is no ∏ in font nullfont!
Missing character: There is no à in font nullfont!
Missing character: There is no Á in font nullfont!
Missing character: There is no ö in font nullfont!
Missing character: There is no Ñ in font nullfont!
Missing character: There is no Ê in font nullfont!
Missing character: There is no å in font nullfont!
Missing character: There is no á in font nullfont!
Missing character: There is no Â in font nullfont!
Missing character: There is no Ø in font nullfont!
Missing character: There is no º in font nullfont!
Missing character: There is no ‰ in font nullfont!
Missing character: There is no ∏ in font nullfont!
Missing character: There is no ã in font nullfont!
Missing character: There is no Ô in font nullfont!
Missing character: There is no º in font nullfont!
Missing character: There is no å in font nullfont!
Missing character: There is no Á in font nullfont!
Missing character: There is no ã in font nullfont!
Missing character: There is no ¨ in font nullfont!
Missing character: There is no Á in font nullfont!
Missing character: There is no ´ in font nullfont!
Missing character: There is no ã in font nullfont!
Missing character: There is no Ë in font nullfont!
Missing character: There is no ø in font nullfont!
Missing character: There is no õ in font nullfont!
Missing character: There is no Ë in font nullfont!
Missing character: There is no ° in font nullfont!
Missing character: There is no å in font nullfont!
Missing character: There is no Á in font nullfont!
Missing character: There is no † in font nullfont!
Missing character: There is no î in font nullfont!
Missing character: There is no Á in font nullfont!
Missing character: There is no © in font nullfont!
Missing character: There is no ∂ in font nullfont!
Missing character: There is no Â in font nullfont!
Missing character: There is no ∑ in font nullfont!
Missing character: There is no • in font nullfont!
Missing character: There is no ‰ in font nullfont!
Missing character: There is no Ω in font nullfont!
Missing character: There is no ú in font nullfont!
Missing character: There is no Ê in font nullfont!
Missing character: There is no â in font nullfont!
Missing character: There is no Ä in font nullfont!
Missing character: There is no Â in font nullfont!
Missing character: There is no è in font nullfont!
Missing character: There is no ñ in font nullfont!
Missing character: There is no Â in font nullfont!
Missing character: There is no æ in font nullfont!
Missing character: There is no ó in font nullfont!
Missing character: There is no Á in font nullfont!
Missing character: There is no ö in font nullfont!
Missing character: There is no Ñ in font nullfont!
Missing character: There is no Ê in font nullfont!
Missing character: There is no à in font nullfont!
Missing character: There is no ê in font nullfont!
Missing character: There is no Ê in font nullfont!
Missing character: There is no û in font nullfont!
Missing character: There is no ú in font nullfont!
Missing character: There is no Ô in font nullfont!
Missing character: There is no º in font nullfont!
Missing character: There is no å in font nullfont!
Missing character: There is no Ê in font nullfont!
Missing character: There is no â in font nullfont!
Missing character: There is no Ä in font nullfont!
Missing character: There is no Ê in font nullfont!
Missing character: There is no ú in font nullfont!
Missing character: There is no â in font nullfont!
Missing character: There is no Ê in font nullfont!
Missing character: There is no ï in font nullfont!
Missing character: There is no ∞ in font nullfont!
Missing character: There is no Ê in font nullfont!
Missing character: There is no ç in font nullfont!
Missing character: There is no Æ in font nullfont!
Missing character: There is no „ in font nullfont!
Missing character: There is no Ä in font nullfont!
Missing character: There is no Å in font nullfont!
Missing character: There is no Â in font nullfont!
Missing character: There is no õ in font nullfont!
Missing character: There is no æ in font nullfont!
Missing character: There is no Á in font nullfont!
Missing character: There is no â in font nullfont!
Missing character: There is no á in font nullfont!
Missing character: There is no Ë in font nullfont!
Missing character: There is no µ in font nullfont!
Missing character: There is no Ñ in font nullfont!
Missing character: There is no Ê in font nullfont!
Missing character: There is no ñ in font nullfont!
Missing character: There is no ô in font nullfont!
Missing character: There is no Á in font nullfont!
Missing character: There is no ú in font nullfont!
Missing character: There is no ü in font nullfont!
Missing character: There is no Â in font nullfont!
Missing character: There is no Æ in font nullfont!
Missing character: There is no û in font nullfont!
Missing character: There is no Â in font nullfont!
Missing character: There is no è in font nullfont!
Missing character: There is no Ø in font nullfont!
Missing character: There is no È in font nullfont!
Missing character: There is no ù in font nullfont!
Missing character: There is no † in font nullfont!
Missing character: There is no „ in font nullfont!
Missing character: There is no Ä in font nullfont!
Missing character: There is no Ç in font nullfont!
Missing character: There is no Â in font nullfont!
Missing character: There is no ∞ in font nullfont!
Missing character: There is no Ω in font nullfont!
Missing character: There is no Ê in font nullfont!
Missing character: There is no à in font nullfont!
Missing character: There is no ë in font nullfont!
Missing character: There is no Ê in font nullfont!
Missing character: There is no â in font nullfont!
Missing character: There is no Ä in font nullfont!
Missing character: There is no Á in font nullfont!
Missing character: There is no ü in font nullfont!
Missing character: There is no • in font nullfont!
Missing character: There is no Ô in font nullfont!
Missing character: There is no º in font nullfont!
Missing character: There is no å in font nullfont!
Missing character: There is no È in font nullfont!
Missing character: There is no ô in font nullfont!
Missing character: There is no § in font nullfont!
Missing character: There is no Ê in font nullfont!
Missing character: There is no ñ in font nullfont!
Missing character: There is no á in font nullfont!
Missing character: There is no ‰ in font nullfont!
Missing character: There is no ∏ in font nullfont!
Missing character: There is no ≠ in font nullfont!
Missing character: There is no Â in font nullfont!
Missing character: There is no ∑ in font nullfont!
Missing character: There is no ≤ in font nullfont!
Missing character: There is no Á in font nullfont!
Missing character: There is no ª in font nullfont!
Missing character: There is no è in font nullfont!
Missing character: There is no Ê in font nullfont!
Missing character: There is no ≥ in font nullfont!
Missing character: There is no ® in font nullfont!
Missing character: There is no Ê in font nullfont!
Missing character: There is no ò in font nullfont!
Missing character: There is no é in font nullfont!
Missing character: There is no Â in font nullfont!
Missing character: There is no º in font nullfont!
Missing character: There is no ï in font nullfont!
Missing character: There is no Á in font nullfont!
Missing character: There is no î in font nullfont!
Missing character: There is no ® in font nullfont!
Missing character: There is no Á in font nullfont!
Missing character: There is no ö in font nullfont!
Missing character: There is no Ñ in font nullfont!
Missing character: There is no Â in font nullfont!
Missing character: There is no Ü in font nullfont!
Missing character: There is no Ö in font nullfont!
Missing character: There is no Â in font nullfont!
Missing character: There is no Æ in font nullfont!
Missing character: There is no π in font nullfont!
Missing character: There is no Â in font nullfont!
Missing character: There is no § in font nullfont!
Missing character: There is no ñ in font nullfont!
Missing character: There is no Ô in font nullfont!
Missing character: There is no º in font nullfont!
Missing character: There is no å in font nullfont!
Missing character: There is no Ê in font nullfont!
Missing character: There is no ú in font nullfont!
Missing character: There is no ¨ in font nullfont!
Missing character: There is no Ë in font nullfont!
Missing character: There is no Æ in font nullfont!
Missing character: There is no æ in font nullfont!
Missing character: There is no Ë in font nullfont!
Missing character: There is no Æ in font nullfont!
Missing character: There is no ° in font nullfont!
Missing character: There is no Ô in font nullfont!
Missing character: There is no º in font nullfont!
Missing character: There is no à in font nullfont!
Missing character: There is no Ë in font nullfont!
Missing character: There is no Æ in font nullfont!
Missing character: There is no ∫ in font nullfont!
Missing character: There is no Ê in font nullfont!
Missing character: There is no ñ in font nullfont!
Missing character: There is no á in font nullfont!
Missing character: There is no Ô in font nullfont!
Missing character: There is no º in font nullfont!
Missing character: There is no â in font nullfont!
Missing character: There is no Á in font nullfont!
Missing character: There is no ö in font nullfont!
Missing character: There is no Ñ in font nullfont!
Missing character: There is no Á in font nullfont!
Missing character: There is no † in font nullfont!
Missing character: There is no î in font nullfont!
Missing character: There is no Á in font nullfont!
Missing character: There is no © in font nullfont!
Missing character: There is no ∂ in font nullfont!
Missing character: There is no Ê in font nullfont!
Missing character: There is no à in font nullfont!
Missing character: There is no ê in font nullfont!
Missing character: There is no Ê in font nullfont!
Missing character: There is no û in font nullfont!
Missing character: There is no ú in font nullfont!
Missing character: There is no ‰ in font nullfont!
Missing character: There is no ∏ in font nullfont!
Missing character: There is no ç in font nullfont!
Missing character: There is no Â in font nullfont!
Missing character: There is no å in font nullfont!
Missing character: There is no Ö in font nullfont!
Missing character: There is no Â in font nullfont!
Missing character: There is no ê in font nullfont!
Missing character: There is no ´ in font nullfont!
Missing character: There is no ‰ in font nullfont!
Missing character: There is no ª in font nullfont!
Missing character: There is no ñ in font nullfont!
Missing character: There is no ‰ in font nullfont!
Missing character: There is no ∫ in font nullfont!
Missing character: There is no ∫ in font nullfont!
Missing character: There is no ‰ in font nullfont!
Missing character: There is no ∫ in font nullfont!
Missing character: There is no ´ in font nullfont!
Missing character: There is no Ê in font nullfont!
Missing character: There is no ú in font nullfont!
Missing character: There is no â in font nullfont!
Missing character: There is no Ë in font nullfont!
Missing character: There is no ë in font nullfont!
Missing character: There is no ó in font nullfont!
Missing character: There is no ‰ in font nullfont!
Missing character: There is no Ω in font nullfont!
Missing character: There is no ú in font nullfont!
Missing character: There is no Ê in font nullfont!
Missing character: There is no ù in font nullfont!
Missing character: There is no É in font nullfont!
Missing character: There is no Á in font nullfont!
Missing character: There is no ö in font nullfont!
Missing character: There is no Ñ in font nullfont!
Missing character: There is no Â in font nullfont!
Missing character: There is no Ü in font nullfont!
Missing character: There is no Ö in font nullfont!
Missing character: There is no Â in font nullfont!
Missing character: There is no Æ in font nullfont!
Missing character: There is no π in font nullfont!
Missing character: There is no „ in font nullfont!
Missing character: There is no Ä in font nullfont!
Missing character: There is no Ç in font nullfont!
Missing character: There is no Â in font nullfont!
Missing character: There is no Ø in font nullfont!
Missing character: There is no π in font nullfont!
Missing character: There is no Ê in font nullfont!
Missing character: There is no ú in font nullfont!
Missing character: There is no ¨ in font nullfont!
Missing character: There is no Ë in font nullfont!
Missing character: There is no Æ in font nullfont!
Missing character: There is no æ in font nullfont!
Missing character: There is no Ë in font nullfont!
Missing character: There is no Æ in font nullfont!
Missing character: There is no ° in font nullfont!
Missing character: There is no Ô in font nullfont!
Missing character: There is no º in font nullfont!
Missing character: There is no à in font nullfont!
Missing character: There is no Ë in font nullfont!
Missing character: There is no Æ in font nullfont!
Missing character: There is no ∫ in font nullfont!
Missing character: There is no Ê in font nullfont!
Missing character: There is no ñ in font nullfont!
Missing character: There is no á in font nullfont!
Missing character: There is no Ô in font nullfont!
Missing character: There is no º in font nullfont!
Missing character: There is no â in font nullfont!
Missing character: There is no Ê in font nullfont!
Missing character: There is no â in font nullfont!
Missing character: There is no Ä in font nullfont!
Missing character: There is no Ê in font nullfont!
Missing character: There is no ∂ in font nullfont!
Missing character: There is no â in font nullfont!
Missing character: There is no Â in font nullfont!
Missing character: There is no è in font nullfont!
Missing character: There is no ä in font nullfont!
Missing character: There is no Á in font nullfont!
Missing character: There is no ö in font nullfont!
Missing character: There is no Ñ in font nullfont!
Missing character: There is no Á in font nullfont!
Missing character: There is no † in font nullfont!
Missing character: There is no î in font nullfont!
Missing character: There is no Á in font nullfont!
Missing character: There is no © in font nullfont!
Missing character: There is no ∂ in font nullfont!
Missing character: There is no Â in font nullfont!
Missing character: There is no ∑ in font nullfont!
Missing character: There is no • in font nullfont!
Missing character: There is no ‰ in font nullfont!
Missing character: There is no Ω in font nullfont!
Missing character: There is no ú in font nullfont!
Missing character: There is no Â in font nullfont!
Missing character: There is no Å in font nullfont!
Missing character: There is no ö in font nullfont!
Missing character: There is no Â in font nullfont!
Missing character: There is no á in font nullfont!
Missing character: There is no ∫ in font nullfont!
Missing character: There is no Ë in font nullfont!
Missing character: There is no ¥ in font nullfont!
Missing character: There is no ° in font nullfont!
Missing character: There is no Á in font nullfont!
Missing character: There is no å in font nullfont!
Missing character: There is no Æ in font nullfont!
Missing character: There is no Á in font nullfont!
Missing character: There is no ö in font nullfont!
Missing character: There is no Ñ in font nullfont!
Missing character: There is no Â in font nullfont!
Missing character: There is no Ö in font nullfont!
Missing character: There is no ∂ in font nullfont!
Missing character: There is no ‰ in font nullfont!
Missing character: There is no ª in font nullfont!
Missing character: There is no ñ in font nullfont!
Missing character: There is no ‰ in font nullfont!
Missing character: There is no ∏ in font nullfont!
Missing character: There is no ™ in font nullfont!
Missing character: There is no ‰ in font nullfont!
Missing character: There is no ∫ in font nullfont!
Missing character: There is no ∫ in font nullfont!
Missing character: There is no Â in font nullfont!
Missing character: There is no í in font nullfont!
Missing character: There is no å in font nullfont!
Missing character: There is no È in font nullfont!
Missing character: There is no õ in font nullfont!
Missing character: There is no Ü in font nullfont!
Missing character: There is no ‰ in font nullfont!
Missing character: There is no Ω in font nullfont!
Missing character: There is no ì in font nullfont!
Missing character: There is no Ô in font nullfont!
Missing character: There is no º in font nullfont!
Missing character: There is no å in font nullfont!
Missing character: There is no Â in font nullfont!
Missing character: There is no ù in font nullfont!
Missing character: There is no á in font nullfont!
Missing character: There is no Â in font nullfont!
Missing character: There is no ∑ in font nullfont!
Missing character: There is no ≤ in font nullfont!
Missing character: There is no Â in font nullfont!
Missing character: There is no ú in font nullfont!
Missing character: There is no ® in font nullfont!
Missing character: There is no Ê in font nullfont!
Missing character: There is no ñ in font nullfont!
Missing character: There is no á in font nullfont!
Missing character: There is no ‰ in font nullfont!
Missing character: There is no ∏ in font nullfont!
Missing character: There is no ≠ in font nullfont!
Missing character: There is no ‰ in font nullfont!
Missing character: There is no ª in font nullfont!
Missing character: There is no • in font nullfont!
Missing character: There is no Ê in font nullfont!
Missing character: There is no ò in font nullfont!
Missing character: There is no é in font nullfont!
Missing character: There is no Á in font nullfont!
Missing character: There is no ° in font nullfont!
Missing character: There is no Æ in font nullfont!
Missing character: There is no Á in font nullfont!
Missing character: There is no ö in font nullfont!
Missing character: There is no Ñ in font nullfont!
Missing character: There is no Ê in font nullfont!
Missing character: There is no ñ in font nullfont!
Missing character: There is no π in font nullfont!
Missing character: There is no Â in font nullfont!
Missing character: There is no º in font nullfont!
Missing character: There is no è in font nullfont!
Missing character: There is no Ê in font nullfont!
Missing character: There is no † in font nullfont!
Missing character: There is no á in font nullfont!
Missing character: There is no Ê in font nullfont!
Missing character: There is no ò in font nullfont!
Missing character: There is no é in font nullfont!
Missing character: There is no „ in font nullfont!
Missing character: There is no Ä in font nullfont!
Missing character: There is no Ç in font nullfont!
Missing character: There is no Ê in font nullfont!
Missing character: There is no ú in font nullfont!
Missing character: There is no ¨ in font nullfont!
Missing character: There is no Ë in font nullfont!
Missing character: There is no Æ in font nullfont!
Missing character: There is no æ in font nullfont!
Missing character: There is no Ë in font nullfont!
Missing character: There is no Æ in font nullfont!
Missing character: There is no ° in font nullfont!
Missing character: There is no Ô in font nullfont!
Missing character: There is no º in font nullfont!
Missing character: There is no à in font nullfont!
Missing character: There is no Ë in font nullfont!
Missing character: There is no Æ in font nullfont!
Missing character: There is no ∫ in font nullfont!
Missing character: There is no Ê in font nullfont!
Missing character: There is no ñ in font nullfont!
Missing character: There is no á in font nullfont!
Missing character: There is no Ô in font nullfont!
Missing character: There is no º in font nullfont!
Missing character: There is no â in font nullfont!
Missing character: There is no Á in font nullfont!
Missing character: There is no ö in font nullfont!
Missing character: There is no Ñ in font nullfont!
Missing character: There is no Á in font nullfont!
Missing character: There is no ü in font nullfont!
Missing character: There is no • in font nullfont!
Missing character: There is no Ë in font nullfont!
Missing character: There is no Ø in font nullfont!
Missing character: There is no Ü in font nullfont!
Missing character: There is no ‰ in font nullfont!
Missing character: There is no ∫ in font nullfont!
Missing character: There is no ß in font nullfont!
Missing character: There is no Ê in font nullfont!
Missing character: There is no ù in font nullfont!
Missing character: There is no É in font nullfont!
Missing character: There is no Â in font nullfont!
Missing character: There is no Ω in font nullfont!
Missing character: There is no í in font nullfont!
Missing character: There is no Â in font nullfont!
Missing character: There is no ± in font nullfont!
Missing character: There is no û in font nullfont!
Missing character: There is no ‰ in font nullfont!
Missing character: There is no ∫ in font nullfont!
Missing character: There is no é in font nullfont!
Missing character: There is no Â in font nullfont!
Missing character: There is no ü in font nullfont!
Missing character: There is no π in font nullfont!
Missing character: There is no Â in font nullfont!
Missing character: There is no Ö in font nullfont!
Missing character: There is no ª in font nullfont!
Missing character: There is no Â in font nullfont!
Missing character: There is no ç in font nullfont!
Missing character: There is no ï in font nullfont!
Missing character: There is no ‰ in font nullfont!
Missing character: There is no Ω in font nullfont!
Missing character: There is no ç in font nullfont!
Missing character: There is no „ in font nullfont!
Missing character: There is no Ä in font nullfont!
Missing character: There is no Ç in font nullfont!

./titlepage.tex:86: LaTeX Error: \begin{document} ended by \end{spacing}.

See the LaTeX manual or LaTeX Companion for explanation.
Type  H <return>  for immediate help.
 ...                                              
                                                  
l.86 \end{spacing}
                  
Your command was ignored.
Type  I <command> <return>  to replace it with another command,
or  <return>  to continue without it.


Overfull \hbox (20.0pt too wide) in paragraph at lines 84--87
[]
 []

./titlepage.tex:90: Undefined control sequence.
l.90 {\noindent\songti
                      \sihao Êú¨‰∫∫Á≠æÂêçÔºö\dlmu[4cm]{} \hspace{1.5cm} Êó•Ê...
The control sequence at the end of the top line
of your error message was never \def'ed. If you have
misspelled it (e.g., `\hobx'), type `I' and the correct
spelling (e.g., `I\hbox'). Otherwise just continue,
and I'll forget about whatever was undefined.

./titlepage.tex:90: Undefined control sequence.
l.90 {\noindent\songti\sihao
                             Êú¨‰∫∫Á≠æÂêçÔºö\dlmu[4cm]{} \hspace{1.5cm} Êó•Ê...
The control sequence at the end of the top line
of your error message was never \def'ed. If you have
misspelled it (e.g., `\hobx'), type `I' and the correct
spelling (e.g., `I\hbox'). Otherwise just continue,
and I'll forget about whatever was undefined.

Missing character: There is no Ê in font nullfont!
Missing character: There is no ú in font nullfont!
Missing character: There is no ¨ in font nullfont!
Missing character: There is no ‰ in font nullfont!
Missing character: There is no ∫ in font nullfont!
Missing character: There is no ∫ in font nullfont!
Missing character: There is no Á in font nullfont!
Missing character: There is no ≠ in font nullfont!
Missing character: There is no æ in font nullfont!
Missing character: There is no Â in font nullfont!
Missing character: There is no ê in font nullfont!
Missing character: There is no ç in font nullfont!
Missing character: There is no Ô in font nullfont!
Missing character: There is no º in font nullfont!
Missing character: There is no ö in font nullfont!
Missing character: There is no Ê in font nullfont!
Missing character: There is no ó in font nullfont!
Missing character: There is no • in font nullfont!
Missing character: There is no Ê in font nullfont!
Missing character: There is no ú in font nullfont!
Missing character: There is no ü in font nullfont!
Missing character: There is no Ô in font nullfont!
Missing character: There is no º in font nullfont!
Missing character: There is no ö in font nullfont!
)
! Emergency stop.
<*> titlepage.tex
                 
*** (job aborted, no legal \end found)

 
Here is how much of TeX's memory you used:
 21 strings out of 493089
 268 string characters out of 6134841
 55199 words of memory out of 5000000
 3603 multiletter control sequences out of 15000+600000
 3948 words of font info for 15 fonts, out of 8000000 for 9000
 1141 hyphenation exceptions out of 8191
 20i,10n,15p,513b,166s stack positions out of 5000i,500n,10000p,200000b,80000s
!  ==> Fatal error occurred, no output PDF file produced!
